{"numTotalTestSuites":112,"numPassedTestSuites":88,"numFailedTestSuites":24,"numPendingTestSuites":0,"numTotalTests":245,"numPassedTests":227,"numFailedTests":18,"numPendingTests":0,"numTodoTests":0,"snapshot":{"added":0,"failure":false,"filesAdded":0,"filesRemoved":0,"filesRemovedList":[],"filesUnmatched":0,"filesUpdated":0,"matched":0,"total":0,"unchecked":0,"uncheckedKeysByFile":[],"unmatched":0,"updated":0,"didUpdate":false},"startTime":1762129995857,"success":false,"testResults":[{"assertionResults":[{"ancestorTitles":["@elevanaltd/shared"],"fullName":"@elevanaltd/shared should export client module utilities","status":"failed","title":"should export client module utilities","duration":96.4018749999999,"failureMessages":["AssertionError: expected undefined to be defined\n    at /Volumes/HestAI-Projects/eav-monorepo/packages/shared/src/index.test.ts:6:26\n    at file:///Volumes/HestAI-Projects/eav-monorepo/node_modules/.pnpm/@vitest+runner@3.2.4/node_modules/@vitest/runner/dist/chunk-hooks.js:752:20"],"meta":{}},{"ancestorTitles":["@elevanaltd/shared"],"fullName":"@elevanaltd/shared should export authentication utilities","status":"failed","title":"should export authentication utilities","duration":15.494832999999971,"failureMessages":["AssertionError: expected undefined to be defined\n    at /Volumes/HestAI-Projects/eav-monorepo/packages/shared/src/index.test.ts:11:38\n    at processTicksAndRejections (node:internal/process/task_queues:105:5)\n    at file:///Volumes/HestAI-Projects/eav-monorepo/node_modules/.pnpm/@vitest+runner@3.2.4/node_modules/@vitest/runner/dist/chunk-hooks.js:752:20"],"meta":{}},{"ancestorTitles":["@elevanaltd/shared"],"fullName":"@elevanaltd/shared should export RLS utilities","status":"passed","title":"should export RLS utilities","duration":62.264375000000086,"failureMessages":[],"meta":{}},{"ancestorTitles":["@elevanaltd/shared"],"fullName":"@elevanaltd/shared should export navigation provider","status":"passed","title":"should export navigation provider","duration":206.230417,"failureMessages":[],"meta":{}},{"ancestorTitles":["@elevanaltd/shared"],"fullName":"@elevanaltd/shared should export UI components","status":"passed","title":"should export UI components","duration":0.1563340000000153,"failureMessages":[],"meta":{}},{"ancestorTitles":["@elevanaltd/shared"],"fullName":"@elevanaltd/shared should export dropdown context","status":"passed","title":"should export dropdown context","duration":0.11924999999996544,"failureMessages":[],"meta":{}}],"startTime":1762129996582,"endTime":1762129996962.2305,"status":"failed","message":"","name":"/Volumes/HestAI-Projects/eav-monorepo/packages/shared/src/index.test.ts"},{"assertionResults":[],"startTime":1762129995857,"endTime":1762129995857,"status":"failed","message":"[vitest] No \"createBrowserClient\" export is defined on the \"../lib/client/browser\" mock. Did you forget to return it from \"vi.mock\"?\nIf you need to partially mock a module, you can use \"importOriginal\" helper inside:\n","name":"/Volumes/HestAI-Projects/eav-monorepo/packages/shared/src/auth/AuthContext.test.tsx"},{"assertionResults":[{"ancestorTitles":["Input Validation Schemas - Security Boundary","UUID Validation"],"fullName":"Input Validation Schemas - Security Boundary UUID Validation should reject invalid projectId formats","status":"passed","title":"should reject invalid projectId formats","duration":2.129957999999988,"failureMessages":[],"meta":{}},{"ancestorTitles":["Input Validation Schemas - Security Boundary","UUID Validation"],"fullName":"Input Validation Schemas - Security Boundary UUID Validation should accept valid SmartSuite IDs for projectId","status":"passed","title":"should accept valid SmartSuite IDs for projectId","duration":0.22950000000003,"failureMessages":[],"meta":{}},{"ancestorTitles":["Input Validation Schemas - Security Boundary","UUID Validation"],"fullName":"Input Validation Schemas - Security Boundary UUID Validation should accept valid SmartSuite IDs for videoId","status":"passed","title":"should accept valid SmartSuite IDs for videoId","duration":0.12187499999993179,"failureMessages":[],"meta":{}},{"ancestorTitles":["Input Validation Schemas - Security Boundary","UUID Validation"],"fullName":"Input Validation Schemas - Security Boundary UUID Validation should reject invalid videoId formats","status":"passed","title":"should reject invalid videoId formats","duration":0.3870840000000726,"failureMessages":[],"meta":{}},{"ancestorTitles":["Input Validation Schemas - Security Boundary","Script Content Validation"],"fullName":"Input Validation Schemas - Security Boundary Script Content Validation should accept valid script content","status":"passed","title":"should accept valid script content","duration":6.3799999999999955,"failureMessages":[],"meta":{}},{"ancestorTitles":["Input Validation Schemas - Security Boundary","Script Content Validation"],"fullName":"Input Validation Schemas - Security Boundary Script Content Validation should reject dangerous script content","status":"passed","title":"should reject dangerous script content","duration":0.37370899999996254,"failureMessages":[],"meta":{}},{"ancestorTitles":["Input Validation Schemas - Security Boundary","Script Content Validation"],"fullName":"Input Validation Schemas - Security Boundary Script Content Validation should enforce content length limits","status":"passed","title":"should enforce content length limits","duration":0.21991700000000947,"failureMessages":[],"meta":{}},{"ancestorTitles":["Input Validation Schemas - Security Boundary","Script Content Validation"],"fullName":"Input Validation Schemas - Security Boundary Script Content Validation should reject null/undefined script content","status":"passed","title":"should reject null/undefined script content","duration":0.15245900000002166,"failureMessages":[],"meta":{}},{"ancestorTitles":["Input Validation Schemas - Security Boundary","Component Data Validation"],"fullName":"Input Validation Schemas - Security Boundary Component Data Validation should accept valid component data","status":"passed","title":"should accept valid component data","duration":5.108041999999955,"failureMessages":[],"meta":{}},{"ancestorTitles":["Input Validation Schemas - Security Boundary","Component Data Validation"],"fullName":"Input Validation Schemas - Security Boundary Component Data Validation should reject invalid component numbers","status":"passed","title":"should reject invalid component numbers","duration":0.7988330000000587,"failureMessages":[],"meta":{}},{"ancestorTitles":["Input Validation Schemas - Security Boundary","Component Data Validation"],"fullName":"Input Validation Schemas - Security Boundary Component Data Validation should reject invalid word counts","status":"passed","title":"should reject invalid word counts","duration":2.405708000000004,"failureMessages":[],"meta":{}},{"ancestorTitles":["Input Validation Schemas - Security Boundary","Component Data Validation"],"fullName":"Input Validation Schemas - Security Boundary Component Data Validation should reject malicious component content","status":"passed","title":"should reject malicious component content","duration":0.13066699999990306,"failureMessages":[],"meta":{}},{"ancestorTitles":["Input Validation Schemas - Security Boundary","Batch Validation"],"fullName":"Input Validation Schemas - Security Boundary Batch Validation should validate arrays of components","status":"passed","title":"should validate arrays of components","duration":0.1196669999999358,"failureMessages":[],"meta":{}},{"ancestorTitles":["Input Validation Schemas - Security Boundary","Batch Validation"],"fullName":"Input Validation Schemas - Security Boundary Batch Validation should reject if any component in batch is invalid","status":"passed","title":"should reject if any component in batch is invalid","duration":0.07933300000001964,"failureMessages":[],"meta":{}},{"ancestorTitles":["Input Validation Schemas - Security Boundary","Edge Cases"],"fullName":"Input Validation Schemas - Security Boundary Edge Cases should handle special characters in valid content","status":"passed","title":"should handle special characters in valid content","duration":1.293207999999936,"failureMessages":[],"meta":{}},{"ancestorTitles":["Input Validation Schemas - Security Boundary","Edge Cases"],"fullName":"Input Validation Schemas - Security Boundary Edge Cases should reject extremely long hash values","status":"passed","title":"should reject extremely long hash values","duration":0.1307090000000244,"failureMessages":[],"meta":{}}],"startTime":1762129997356,"endTime":1762129997376.2932,"status":"passed","message":"","name":"/Volumes/HestAI-Projects/eav-monorepo/packages/shared/src/database/validation.test.ts"},{"assertionResults":[{"ancestorTitles":["AutocompleteField","Basic Input & Filtering"],"fullName":"AutocompleteField Basic Input & Filtering should render input field with placeholder","status":"passed","title":"should render input field with placeholder","duration":12.90204099999994,"failureMessages":[],"meta":{}},{"ancestorTitles":["AutocompleteField","Basic Input & Filtering"],"fullName":"AutocompleteField Basic Input & Filtering should show filtered suggestions as user types","status":"passed","title":"should show filtered suggestions as user types","duration":144.141708,"failureMessages":[],"meta":{}},{"ancestorTitles":["AutocompleteField","Basic Input & Filtering"],"fullName":"AutocompleteField Basic Input & Filtering should filter options case-insensitively","status":"passed","title":"should filter options case-insensitively","duration":27.373542000000043,"failureMessages":[],"meta":{}},{"ancestorTitles":["AutocompleteField","Basic Input & Filtering"],"fullName":"AutocompleteField Basic Input & Filtering should not show dropdown when no matches","status":"passed","title":"should not show dropdown when no matches","duration":21.871833000000038,"failureMessages":[],"meta":{}},{"ancestorTitles":["AutocompleteField","Selection & Auto-Save on Blur"],"fullName":"AutocompleteField Selection & Auto-Save on Blur should call onChange with exact match when blurring after exact match","status":"passed","title":"should call onChange with exact match when blurring after exact match","duration":25.934832999999912,"failureMessages":[],"meta":{}},{"ancestorTitles":["AutocompleteField","Selection & Auto-Save on Blur"],"fullName":"AutocompleteField Selection & Auto-Save on Blur should save value when selecting from dropdown","status":"passed","title":"should save value when selecting from dropdown","duration":30.362375000000043,"failureMessages":[],"meta":{}},{"ancestorTitles":["AutocompleteField","Selection & Auto-Save on Blur"],"fullName":"AutocompleteField Selection & Auto-Save on Blur should clear value when input is empty and blurred","status":"passed","title":"should clear value when input is empty and blurred","duration":14.792082999999934,"failureMessages":[],"meta":{}},{"ancestorTitles":["AutocompleteField","Selection & Auto-Save on Blur"],"fullName":"AutocompleteField Selection & Auto-Save on Blur should reset to previous value when no match found on fixed list (allowOther=false)","status":"passed","title":"should reset to previous value when no match found on fixed list (allowOther=false)","duration":33.839875000000006,"failureMessages":[],"meta":{}},{"ancestorTitles":["AutocompleteField","Keyboard Navigation"],"fullName":"AutocompleteField Keyboard Navigation should navigate suggestions with arrow keys","status":"passed","title":"should navigate suggestions with arrow keys","duration":24.689000000000078,"failureMessages":[],"meta":{}},{"ancestorTitles":["AutocompleteField","Keyboard Navigation"],"fullName":"AutocompleteField Keyboard Navigation should select option with Enter key","status":"passed","title":"should select option with Enter key","duration":25.06833400000005,"failureMessages":[],"meta":{}},{"ancestorTitles":["AutocompleteField","Keyboard Navigation"],"fullName":"AutocompleteField Keyboard Navigation should reset input value with Escape key","status":"passed","title":"should reset input value with Escape key","duration":25.612292000000025,"failureMessages":[],"meta":{}},{"ancestorTitles":["AutocompleteField","\"Other\" Option Handling (allowOther=true)"],"fullName":"AutocompleteField \"Other\" Option Handling (allowOther=true) should show \"Add as Other\" option for non-matching input","status":"passed","title":"should show \"Add as Other\" option for non-matching input","duration":21.254415999999992,"failureMessages":[],"meta":{}},{"ancestorTitles":["AutocompleteField","\"Other\" Option Handling (allowOther=true)"],"fullName":"AutocompleteField \"Other\" Option Handling (allowOther=true) should show validation dialog when clicking \"Add as Other\"","status":"passed","title":"should show validation dialog when clicking \"Add as Other\"","duration":32.520667,"failureMessages":[],"meta":{}},{"ancestorTitles":["AutocompleteField","\"Other\" Option Handling (allowOther=true)"],"fullName":"AutocompleteField \"Other\" Option Handling (allowOther=true) should call onChange and onOtherChange when confirming \"Other\"","status":"passed","title":"should call onChange and onOtherChange when confirming \"Other\"","duration":41.505957999999964,"failureMessages":[],"meta":{}},{"ancestorTitles":["AutocompleteField","\"Other\" Option Handling (allowOther=true)"],"fullName":"AutocompleteField \"Other\" Option Handling (allowOther=true) should cancel validation dialog when clicking Cancel","status":"passed","title":"should cancel validation dialog when clicking Cancel","duration":37.07424999999989,"failureMessages":[],"meta":{}},{"ancestorTitles":["AutocompleteField","\"Other\" Option Handling (allowOther=true)"],"fullName":"AutocompleteField \"Other\" Option Handling (allowOther=true) should show validation dialog with message about unrecognized value","status":"passed","title":"should show validation dialog with message about unrecognized value","duration":30.83987500000012,"failureMessages":[],"meta":{}},{"ancestorTitles":["AutocompleteField","Conditional \"Other\" Text Input"],"fullName":"AutocompleteField Conditional \"Other\" Text Input should show conditional text input when showOtherText=true and value=\"Other\"","status":"passed","title":"should show conditional text input when showOtherText=true and value=\"Other\"","duration":0.934291999999914,"failureMessages":[],"meta":{}},{"ancestorTitles":["AutocompleteField","Conditional \"Other\" Text Input"],"fullName":"AutocompleteField Conditional \"Other\" Text Input should not show conditional text input when value is not \"Other\"","status":"passed","title":"should not show conditional text input when value is not \"Other\"","duration":0.5764169999999922,"failureMessages":[],"meta":{}},{"ancestorTitles":["AutocompleteField","Conditional \"Other\" Text Input"],"fullName":"AutocompleteField Conditional \"Other\" Text Input should call onOtherChange when typing and blurring Other text input","status":"passed","title":"should call onOtherChange when typing and blurring Other text input","duration":18.01670899999999,"failureMessages":[],"meta":{}},{"ancestorTitles":["AutocompleteField","Loading State"],"fullName":"AutocompleteField Loading State should show spinner when isLoading=true","status":"passed","title":"should show spinner when isLoading=true","duration":1.0340419999999995,"failureMessages":[],"meta":{}},{"ancestorTitles":["AutocompleteField","Loading State"],"fullName":"AutocompleteField Loading State should disable input when isLoading=true","status":"passed","title":"should disable input when isLoading=true","duration":4.832124999999905,"failureMessages":[],"meta":{}},{"ancestorTitles":["AutocompleteField","Disabled State"],"fullName":"AutocompleteField Disabled State should disable input when disabled=true","status":"passed","title":"should disable input when disabled=true","duration":3.7215410000001157,"failureMessages":[],"meta":{}},{"ancestorTitles":["AutocompleteField","Accessibility (WCAG Compliance)"],"fullName":"AutocompleteField Accessibility (WCAG Compliance) has combobox role and ARIA attributes","status":"passed","title":"has combobox role and ARIA attributes","duration":3.726165999999921,"failureMessages":[],"meta":{}},{"ancestorTitles":["AutocompleteField","Accessibility (WCAG Compliance)"],"fullName":"AutocompleteField Accessibility (WCAG Compliance) sets aria-expanded=false initially when no input and no filtering","status":"passed","title":"sets aria-expanded=false initially when no input and no filtering","duration":3.8870419999998376,"failureMessages":[],"meta":{}},{"ancestorTitles":["AutocompleteField","Accessibility (WCAG Compliance)"],"fullName":"AutocompleteField Accessibility (WCAG Compliance) sets aria-expanded=true when dropdown opens via typing and options match","status":"passed","title":"sets aria-expanded=true when dropdown opens via typing and options match","duration":16.430624999999964,"failureMessages":[],"meta":{}},{"ancestorTitles":["AutocompleteField","Accessibility (WCAG Compliance)"],"fullName":"AutocompleteField Accessibility (WCAG Compliance) maintains aria-expanded=true while navigating with keyboard","status":"passed","title":"maintains aria-expanded=true while navigating with keyboard","duration":19.558624999999893,"failureMessages":[],"meta":{}},{"ancestorTitles":["AutocompleteField","Accessibility (WCAG Compliance)"],"fullName":"AutocompleteField Accessibility (WCAG Compliance) sets aria-expanded=false when dropdown closes via Escape key","status":"passed","title":"sets aria-expanded=false when dropdown closes via Escape key","duration":18.046540999999934,"failureMessages":[],"meta":{}},{"ancestorTitles":["AutocompleteField","Accessibility (WCAG Compliance)"],"fullName":"AutocompleteField Accessibility (WCAG Compliance) sets aria-expanded=false when dropdown closes via selection","status":"passed","title":"sets aria-expanded=false when dropdown closes via selection","duration":22.628749999999854,"failureMessages":[],"meta":{}},{"ancestorTitles":["AutocompleteField","Accessibility (WCAG Compliance)"],"fullName":"AutocompleteField Accessibility (WCAG Compliance) listbox has proper ARIA role and ID","status":"passed","title":"listbox has proper ARIA role and ID","duration":17.52579199999991,"failureMessages":[],"meta":{}},{"ancestorTitles":["AutocompleteField","Accessibility (WCAG Compliance)"],"fullName":"AutocompleteField Accessibility (WCAG Compliance) handles ArrowDown/ArrowUp keyboard events (WCAG 2.1.1)","status":"passed","title":"handles ArrowDown/ArrowUp keyboard events (WCAG 2.1.1)","duration":16.46945800000003,"failureMessages":[],"meta":{}},{"ancestorTitles":["AutocompleteField","Accessibility (WCAG Compliance)"],"fullName":"AutocompleteField Accessibility (WCAG Compliance) sets aria-activedescendant when navigating with keyboard","status":"passed","title":"sets aria-activedescendant when navigating with keyboard","duration":15.332707999999911,"failureMessages":[],"meta":{}}],"startTime":1762129997386,"endTime":1762129998099.3328,"status":"passed","message":"","name":"/Volumes/HestAI-Projects/eav-monorepo/packages/shared/src/components/AutocompleteField.test.tsx"},{"assertionResults":[{"ancestorTitles":["Header Component"],"fullName":"Header Component should render header with title, save status, user email, and settings button","status":"passed","title":"should render header with title, save status, user email, and settings button","duration":116.33008299999995,"failureMessages":[],"meta":{}},{"ancestorTitles":["Header Component"],"fullName":"Header Component should call onSettings when settings button clicked","status":"passed","title":"should call onSettings when settings button clicked","duration":29.20666700000004,"failureMessages":[],"meta":{}},{"ancestorTitles":["Header Component"],"fullName":"Header Component should format save time correctly","status":"passed","title":"should format save time correctly","duration":4.221667000000025,"failureMessages":[],"meta":{}},{"ancestorTitles":["Header Component"],"fullName":"Header Component should not show save status when lastSaved not provided","status":"passed","title":"should not show save status when lastSaved not provided","duration":0.8619170000000622,"failureMessages":[],"meta":{}},{"ancestorTitles":["Header Component"],"fullName":"Header Component should support app-specific titles","status":"passed","title":"should support app-specific titles","duration":2.735457999999994,"failureMessages":[],"meta":{}},{"ancestorTitles":["Header Component","Layout & Structure"],"fullName":"Header Component Layout & Structure should have fixed header layout with three zones","status":"passed","title":"should have fixed header layout with three zones","duration":11.442207999999937,"failureMessages":[],"meta":{}},{"ancestorTitles":["Header Component","Layout & Structure"],"fullName":"Header Component Layout & Structure should position elements in correct order: left (title), center (save), right (user/settings)","status":"passed","title":"should position elements in correct order: left (title), center (save), right (user/settings)","duration":0.9897500000000719,"failureMessages":[],"meta":{}},{"ancestorTitles":["Header Component","Styling Consistency"],"fullName":"Header Component Styling Consistency should apply consistent button styling to settings button","status":"passed","title":"should apply consistent button styling to settings button","duration":6.800875000000019,"failureMessages":[],"meta":{}},{"ancestorTitles":["Header Component","Styling Consistency"],"fullName":"Header Component Styling Consistency should display save status with consistent styling","status":"passed","title":"should display save status with consistent styling","duration":1.4307079999999814,"failureMessages":[],"meta":{}}],"startTime":1762129997385,"endTime":1762129997566.4307,"status":"passed","message":"","name":"/Volumes/HestAI-Projects/eav-monorepo/packages/shared/src/components/Header.test.tsx"},{"assertionResults":[{"ancestorTitles":["HierarchicalNavigationSidebar Integration"],"fullName":"HierarchicalNavigationSidebar Integration should maintain selection state across project expansion","status":"passed","title":"should maintain selection state across project expansion","duration":29.13737500000002,"failureMessages":[],"meta":{}},{"ancestorTitles":["HierarchicalNavigationSidebar Integration"],"fullName":"HierarchicalNavigationSidebar Integration should handle keyboard navigation","status":"passed","title":"should handle keyboard navigation","duration":3.5997919999999795,"failureMessages":[],"meta":{}},{"ancestorTitles":["HierarchicalNavigationSidebar Integration"],"fullName":"HierarchicalNavigationSidebar Integration should handle empty projects gracefully","status":"passed","title":"should handle empty projects gracefully","duration":1.1802920000000086,"failureMessages":[],"meta":{}},{"ancestorTitles":["HierarchicalNavigationSidebar Integration"],"fullName":"HierarchicalNavigationSidebar Integration should preserve video selection when re-selecting same project","status":"passed","title":"should preserve video selection when re-selecting same project","duration":3.4925839999999653,"failureMessages":[],"meta":{}},{"ancestorTitles":["HierarchicalNavigationSidebar Integration"],"fullName":"HierarchicalNavigationSidebar Integration should display video status badges","status":"passed","title":"should display video status badges","duration":1.705541999999923,"failureMessages":[],"meta":{}},{"ancestorTitles":["HierarchicalNavigationSidebar Integration"],"fullName":"HierarchicalNavigationSidebar Integration should show video count for projects with videos","status":"passed","title":"should show video count for projects with videos","duration":1.2366660000000138,"failureMessages":[],"meta":{}}],"startTime":1762129997379,"endTime":1762129997420.2366,"status":"passed","message":"","name":"/Volumes/HestAI-Projects/eav-monorepo/packages/shared/src/components/HierarchicalNavigationSidebar.integration.test.tsx"},{"assertionResults":[{"ancestorTitles":["HierarchicalNavigationSidebar"],"fullName":"HierarchicalNavigationSidebar should render project list","status":"passed","title":"should render project list","duration":14.894625000000019,"failureMessages":[],"meta":{}},{"ancestorTitles":["HierarchicalNavigationSidebar"],"fullName":"HierarchicalNavigationSidebar should toggle project expansion on click","status":"passed","title":"should toggle project expansion on click","duration":10.274290999999948,"failureMessages":[],"meta":{}},{"ancestorTitles":["HierarchicalNavigationSidebar"],"fullName":"HierarchicalNavigationSidebar should render videos when project expanded","status":"passed","title":"should render videos when project expanded","duration":4.931083000000058,"failureMessages":[],"meta":{}},{"ancestorTitles":["HierarchicalNavigationSidebar"],"fullName":"HierarchicalNavigationSidebar should call onProjectExpand when project clicked","status":"passed","title":"should call onProjectExpand when project clicked","duration":3.1192499999999654,"failureMessages":[],"meta":{}},{"ancestorTitles":["HierarchicalNavigationSidebar"],"fullName":"HierarchicalNavigationSidebar should display loading state","status":"passed","title":"should display loading state","duration":1.159291000000053,"failureMessages":[],"meta":{}},{"ancestorTitles":["HierarchicalNavigationSidebar"],"fullName":"HierarchicalNavigationSidebar should display error state","status":"passed","title":"should display error state","duration":0.7516669999999976,"failureMessages":[],"meta":{}},{"ancestorTitles":["HierarchicalNavigationSidebar"],"fullName":"HierarchicalNavigationSidebar should collapse sidebar when toggle clicked","status":"passed","title":"should collapse sidebar when toggle clicked","duration":3.893666000000053,"failureMessages":[],"meta":{}},{"ancestorTitles":["HierarchicalNavigationSidebar","CSS class validation"],"fullName":"HierarchicalNavigationSidebar CSS class validation should use defined CSS classes for project structure","status":"passed","title":"should use defined CSS classes for project structure","duration":2.450541000000044,"failureMessages":[],"meta":{}},{"ancestorTitles":["HierarchicalNavigationSidebar","CSS class validation"],"fullName":"HierarchicalNavigationSidebar CSS class validation should use defined CSS classes for video structure","status":"passed","title":"should use defined CSS classes for video structure","duration":2.371917000000053,"failureMessages":[],"meta":{}},{"ancestorTitles":["HierarchicalNavigationSidebar","CSS class validation"],"fullName":"HierarchicalNavigationSidebar CSS class validation should apply correct status classes (status-ready, not nav-video-status--ready)","status":"passed","title":"should apply correct status classes (status-ready, not nav-video-status--ready)","duration":1.7032499999999118,"failureMessages":[],"meta":{}},{"ancestorTitles":["HierarchicalNavigationSidebar","Essential UX features"],"fullName":"HierarchicalNavigationSidebar Essential UX features should display video count for projects","status":"passed","title":"should display video count for projects","duration":5.490124999999921,"failureMessages":[],"meta":{}},{"ancestorTitles":["HierarchicalNavigationSidebar","Essential UX features"],"fullName":"HierarchicalNavigationSidebar Essential UX features should display stream status metadata for videos","status":"passed","title":"should display stream status metadata for videos","duration":1.3031250000000227,"failureMessages":[],"meta":{}},{"ancestorTitles":["HierarchicalNavigationSidebar","Essential UX features"],"fullName":"HierarchicalNavigationSidebar Essential UX features should display due date when present","status":"passed","title":"should display due date when present","duration":0.6877910000000611,"failureMessages":[],"meta":{}},{"ancestorTitles":["HierarchicalNavigationSidebar","Essential UX features"],"fullName":"HierarchicalNavigationSidebar Essential UX features should show status indicator for video stream health","status":"passed","title":"should show status indicator for video stream health","duration":1.1321669999999813,"failureMessages":[],"meta":{}}],"startTime":1762129997347,"endTime":1762129997401.132,"status":"passed","message":"","name":"/Volumes/HestAI-Projects/eav-monorepo/packages/shared/src/components/HierarchicalNavigationSidebar.test.tsx"},{"assertionResults":[{"ancestorTitles":["Error Handling Utilities","categorizeError"],"fullName":"Error Handling Utilities categorizeError should categorize network errors correctly","status":"passed","title":"should categorize network errors correctly","duration":1.5335830000000215,"failureMessages":[],"meta":{}},{"ancestorTitles":["Error Handling Utilities","categorizeError"],"fullName":"Error Handling Utilities categorizeError should categorize authentication errors correctly","status":"passed","title":"should categorize authentication errors correctly","duration":0.2479999999999336,"failureMessages":[],"meta":{}},{"ancestorTitles":["Error Handling Utilities","categorizeError"],"fullName":"Error Handling Utilities categorizeError should categorize permission errors correctly","status":"passed","title":"should categorize permission errors correctly","duration":0.17020899999999983,"failureMessages":[],"meta":{}},{"ancestorTitles":["Error Handling Utilities","categorizeError"],"fullName":"Error Handling Utilities categorizeError should categorize validation errors correctly","status":"passed","title":"should categorize validation errors correctly","duration":0.18991699999992306,"failureMessages":[],"meta":{}},{"ancestorTitles":["Error Handling Utilities","categorizeError"],"fullName":"Error Handling Utilities categorizeError should categorize server errors correctly","status":"passed","title":"should categorize server errors correctly","duration":0.1749169999999367,"failureMessages":[],"meta":{}},{"ancestorTitles":["Error Handling Utilities","categorizeError"],"fullName":"Error Handling Utilities categorizeError should categorize unknown errors as retryable","status":"passed","title":"should categorize unknown errors as retryable","duration":0.08641699999998309,"failureMessages":[],"meta":{}},{"ancestorTitles":["Error Handling Utilities","categorizeError"],"fullName":"Error Handling Utilities categorizeError should handle non-Error objects","status":"passed","title":"should handle non-Error objects","duration":0.3624160000000529,"failureMessages":[],"meta":{}},{"ancestorTitles":["Error Handling Utilities","shouldRetryError"],"fullName":"Error Handling Utilities shouldRetryError should return true for retryable errors","status":"passed","title":"should return true for retryable errors","duration":0.09412499999996271,"failureMessages":[],"meta":{}},{"ancestorTitles":["Error Handling Utilities","shouldRetryError"],"fullName":"Error Handling Utilities shouldRetryError should return false for non-retryable errors","status":"passed","title":"should return false for non-retryable errors","duration":0.17670800000007603,"failureMessages":[],"meta":{}},{"ancestorTitles":["Error Handling Utilities","getUserFriendlyErrorMessage"],"fullName":"Error Handling Utilities getUserFriendlyErrorMessage should return user-friendly messages for all error types","status":"passed","title":"should return user-friendly messages for all error types","duration":0.25499999999999545,"failureMessages":[],"meta":{}},{"ancestorTitles":["Error Handling Utilities","getUserFriendlyErrorMessage"],"fullName":"Error Handling Utilities getUserFriendlyErrorMessage should never expose sensitive information","status":"passed","title":"should never expose sensitive information","duration":0.28633300000001327,"failureMessages":[],"meta":{}},{"ancestorTitles":["Error Handling Utilities","sanitizeErrorForLogging"],"fullName":"Error Handling Utilities sanitizeErrorForLogging should redact sensitive information from error messages","status":"passed","title":"should redact sensitive information from error messages","duration":0.4640000000000555,"failureMessages":[],"meta":{}},{"ancestorTitles":["Error Handling Utilities","sanitizeErrorForLogging"],"fullName":"Error Handling Utilities sanitizeErrorForLogging should preserve non-sensitive information","status":"passed","title":"should preserve non-sensitive information","duration":0.054542000000083135,"failureMessages":[],"meta":{}},{"ancestorTitles":["Error Handling Utilities","sanitizeErrorForLogging"],"fullName":"Error Handling Utilities sanitizeErrorForLogging should handle non-Error objects","status":"passed","title":"should handle non-Error objects","duration":0.04683299999999235,"failureMessages":[],"meta":{}},{"ancestorTitles":["Error Handling Utilities","withRetry"],"fullName":"Error Handling Utilities withRetry should succeed on first attempt if operation succeeds","status":"passed","title":"should succeed on first attempt if operation succeeds","duration":0.22825000000000273,"failureMessages":[],"meta":{}},{"ancestorTitles":["Error Handling Utilities","withRetry"],"fullName":"Error Handling Utilities withRetry should retry failed operations with exponential backoff","status":"passed","title":"should retry failed operations with exponential backoff","duration":3.0862500000000637,"failureMessages":[],"meta":{}},{"ancestorTitles":["Error Handling Utilities","withRetry"],"fullName":"Error Handling Utilities withRetry should not retry non-retryable errors","status":"passed","title":"should not retry non-retryable errors","duration":0.3855829999999969,"failureMessages":[],"meta":{}},{"ancestorTitles":["Error Handling Utilities","withRetry"],"fullName":"Error Handling Utilities withRetry should give up after max attempts","status":"passed","title":"should give up after max attempts","duration":555.354583,"failureMessages":[],"meta":{}},{"ancestorTitles":["Error Handling Utilities","withRetry"],"fullName":"Error Handling Utilities withRetry should apply jitter to delays","status":"passed","title":"should apply jitter to delays","duration":0.6668340000001081,"failureMessages":[],"meta":{}},{"ancestorTitles":["Error Handling Utilities","withRetry"],"fullName":"Error Handling Utilities withRetry should log retry attempts","status":"passed","title":"should log retry attempts","duration":0.8213749999999891,"failureMessages":[],"meta":{}},{"ancestorTitles":["Error Handling Utilities","makeRetryable"],"fullName":"Error Handling Utilities makeRetryable should create a retryable version of a function","status":"passed","title":"should create a retryable version of a function","duration":0.3871249999999691,"failureMessages":[],"meta":{}},{"ancestorTitles":["Error Handling Utilities","AsyncErrorBoundary"],"fullName":"Error Handling Utilities AsyncErrorBoundary should return success result for successful operations","status":"passed","title":"should return success result for successful operations","duration":0.13770900000008623,"failureMessages":[],"meta":{}},{"ancestorTitles":["Error Handling Utilities","AsyncErrorBoundary"],"fullName":"Error Handling Utilities AsyncErrorBoundary should return error result for failed operations","status":"passed","title":"should return error result for failed operations","duration":1903.057209,"failureMessages":[],"meta":{}},{"ancestorTitles":["Error Handling Utilities","AsyncErrorBoundary"],"fullName":"Error Handling Utilities AsyncErrorBoundary should call error handler when provided","status":"passed","title":"should call error handler when provided","duration":2586.5879999999997,"failureMessages":[],"meta":{}},{"ancestorTitles":["Error Handling Utilities","AsyncErrorBoundary"],"fullName":"Error Handling Utilities AsyncErrorBoundary should apply retry configuration","status":"passed","title":"should apply retry configuration","duration":0.38070800000059535,"failureMessages":[],"meta":{}},{"ancestorTitles":["Error Handling Utilities","setupGlobalErrorHandling"],"fullName":"Error Handling Utilities setupGlobalErrorHandling should set up global error handlers","status":"passed","title":"should set up global error handlers","duration":0.4288750000005166,"failureMessages":[],"meta":{}},{"ancestorTitles":["Error Handling Utilities","setupGlobalErrorHandling"],"fullName":"Error Handling Utilities setupGlobalErrorHandling should log unhandled promise rejections","status":"passed","title":"should log unhandled promise rejections","duration":0.5701250000001892,"failureMessages":[],"meta":{}},{"ancestorTitles":["Error Handling Utilities","setupGlobalErrorHandling"],"fullName":"Error Handling Utilities setupGlobalErrorHandling should log uncaught errors","status":"passed","title":"should log uncaught errors","duration":0.39129200000024866,"failureMessages":[],"meta":{}},{"ancestorTitles":["Error Handling Utilities","useErrorHandling"],"fullName":"Error Handling Utilities useErrorHandling should return error handling utilities","status":"passed","title":"should return error handling utilities","duration":4.608041999999841,"failureMessages":[],"meta":{}},{"ancestorTitles":["Error Handling Utilities","useErrorHandling"],"fullName":"Error Handling Utilities useErrorHandling should create AsyncErrorBoundary with correct operation name","status":"passed","title":"should create AsyncErrorBoundary with correct operation name","duration":2605.8554170000007,"failureMessages":[],"meta":{}}],"startTime":1762129997319,"endTime":1762130004986.8555,"status":"passed","message":"","name":"/Volumes/HestAI-Projects/eav-monorepo/packages/shared/src/errors/errorHandling.test.ts"},{"assertionResults":[],"startTime":1762129995857,"endTime":1762129995857,"status":"failed","message":"Missing VITE_SUPABASE_URL environment variable","name":"/Volumes/HestAI-Projects/eav-monorepo/packages/shared/src/editor/componentExtraction.test.ts"},{"assertionResults":[{"ancestorTitles":["Logger Service","Log Level Configuration"],"fullName":"Logger Service Log Level Configuration should fail - Logger class should exist with proper interface","status":"passed","title":"should fail - Logger class should exist with proper interface","duration":0.9670409999999947,"failureMessages":[],"meta":{}},{"ancestorTitles":["Logger Service","Log Level Configuration"],"fullName":"Logger Service Log Level Configuration should fail - Logger should respect log levels in production","status":"passed","title":"should fail - Logger should respect log levels in production","duration":0.2965409999999906,"failureMessages":[],"meta":{}},{"ancestorTitles":["Logger Service","Log Level Configuration"],"fullName":"Logger Service Log Level Configuration should fail - Logger should allow debug logs in development","status":"passed","title":"should fail - Logger should allow debug logs in development","duration":1.6069160000000124,"failureMessages":[],"meta":{}},{"ancestorTitles":["Logger Service","Structured Logging Format"],"fullName":"Logger Service Structured Logging Format should fail - Logger should format messages with metadata","status":"passed","title":"should fail - Logger should format messages with metadata","duration":0.9451660000000288,"failureMessages":[],"meta":{}},{"ancestorTitles":["Logger Service","Structured Logging Format"],"fullName":"Logger Service Structured Logging Format should fail - Logger should handle messages without metadata","status":"passed","title":"should fail - Logger should handle messages without metadata","duration":0.25879199999997127,"failureMessages":[],"meta":{}},{"ancestorTitles":["Logger Service","Error Logging"],"fullName":"Logger Service Error Logging should fail - Logger should handle Error objects properly","status":"passed","title":"should fail - Logger should handle Error objects properly","duration":0.27824999999995725,"failureMessages":[],"meta":{}},{"ancestorTitles":["Logger Service","Production Safety"],"fullName":"Logger Service Production Safety should fail - Logger should not log sensitive data in production","status":"passed","title":"should fail - Logger should not log sensitive data in production","duration":0.2267500000000382,"failureMessages":[],"meta":{}}],"startTime":1762129997396,"endTime":1762129997401.2268,"status":"passed","message":"","name":"/Volumes/HestAI-Projects/eav-monorepo/packages/shared/src/services/logger.test.ts"},{"assertionResults":[{"ancestorTitles":["Test Infrastructure"],"fullName":"Test Infrastructure should run Vitest tests","status":"passed","title":"should run Vitest tests","duration":0.5254580000000146,"failureMessages":[],"meta":{}},{"ancestorTitles":["Test Infrastructure"],"fullName":"Test Infrastructure should have DOM environment","status":"passed","title":"should have DOM environment","duration":0.5011250000000018,"failureMessages":[],"meta":{}},{"ancestorTitles":["Test Infrastructure"],"fullName":"Test Infrastructure should have jest-dom matchers","status":"passed","title":"should have jest-dom matchers","duration":0.75912500000004,"failureMessages":[],"meta":{}}],"startTime":1762129997759,"endTime":1762129997760.759,"status":"passed","message":"","name":"/Volumes/HestAI-Projects/eav-monorepo/packages/shared/src/test/infrastructure.test.ts"},{"assertionResults":[{"ancestorTitles":["Comment Capabilities - requireAnchors"],"fullName":"Comment Capabilities - requireAnchors FAILS when requireAnchors=true and zero-length anchor provided","status":"passed","title":"FAILS when requireAnchors=true and zero-length anchor provided","duration":1582.7499999999998,"failureMessages":[],"meta":{}},{"ancestorTitles":["Comment Capabilities - requireAnchors"],"fullName":"Comment Capabilities - requireAnchors SUCCEEDS when requireAnchors=false and zero-length anchor provided","status":"passed","title":"SUCCEEDS when requireAnchors=false and zero-length anchor provided","duration":2252.888625,"failureMessages":[],"meta":{}},{"ancestorTitles":["Comment Capabilities - requireAnchors"],"fullName":"Comment Capabilities - requireAnchors SUCCEEDS when requireAnchors=true and valid anchor provided","status":"passed","title":"SUCCEEDS when requireAnchors=true and valid anchor provided","duration":2245.729292,"failureMessages":[],"meta":{}},{"ancestorTitles":["Comment Capabilities - enablePositionRecovery"],"fullName":"Comment Capabilities - enablePositionRecovery EXECUTES recovery when enablePositionRecovery=true","status":"passed","title":"EXECUTES recovery when enablePositionRecovery=true","duration":2249.8322080000007,"failureMessages":[],"meta":{}},{"ancestorTitles":["Comment Capabilities - enablePositionRecovery"],"fullName":"Comment Capabilities - enablePositionRecovery SKIPS recovery when enablePositionRecovery=false","status":"passed","title":"SKIPS recovery when enablePositionRecovery=false","duration":2248.5182079999995,"failureMessages":[],"meta":{}},{"ancestorTitles":["Comment Capabilities - enablePositionRecovery"],"fullName":"Comment Capabilities - enablePositionRecovery NEGATIVE PATH: only signals recovered when POC actually relocates","status":"passed","title":"NEGATIVE PATH: only signals recovered when POC actually relocates","duration":2264.268459000001,"failureMessages":[],"meta":{}},{"ancestorTitles":["Comment Capabilities - enableTipTapIntegration"],"fullName":"Comment Capabilities - enableTipTapIntegration LOADS TipTap extension when enableTipTapIntegration=true","status":"passed","title":"LOADS TipTap extension when enableTipTapIntegration=true","duration":0.09254200000032142,"failureMessages":[],"meta":{}},{"ancestorTitles":["Comment Capabilities - enableTipTapIntegration"],"fullName":"Comment Capabilities - enableTipTapIntegration SKIPS TipTap when enableTipTapIntegration=false","status":"passed","title":"SKIPS TipTap when enableTipTapIntegration=false","duration":0.08520900000075926,"failureMessages":[],"meta":{}},{"ancestorTitles":["Comment Capabilities - Cross-App Integration"],"fullName":"Comment Capabilities - Cross-App Integration APPLIES scripts-web strict configuration (all true)","status":"passed","title":"APPLIES scripts-web strict configuration (all true)","duration":2249.8619580000013,"failureMessages":[],"meta":{}},{"ancestorTitles":["Comment Capabilities - Cross-App Integration"],"fullName":"Comment Capabilities - Cross-App Integration APPLIES cam-op-pwa flexible configuration (all false)","status":"passed","title":"APPLIES cam-op-pwa flexible configuration (all false)","duration":2256.6937499999985,"failureMessages":[],"meta":{}}],"startTime":1762129996741,"endTime":1762130014091.6938,"status":"passed","message":"","name":"/Volumes/HestAI-Projects/eav-monorepo/packages/shared/src/comments/__tests__/capability-config.test.ts"},{"assertionResults":[{"ancestorTitles":["POC Position Recovery - Extraction Validation"],"fullName":"POC Position Recovery - Extraction Validation recoverCommentPosition finds exact text match","status":"passed","title":"recoverCommentPosition finds exact text match","duration":0.9678340000000389,"failureMessages":[],"meta":{}},{"ancestorTitles":["POC Position Recovery - Extraction Validation"],"fullName":"POC Position Recovery - Extraction Validation recoverCommentPosition handles case-insensitive match","status":"passed","title":"recoverCommentPosition handles case-insensitive match","duration":0.1987500000000182,"failureMessages":[],"meta":{}},{"ancestorTitles":["POC Position Recovery - Extraction Validation"],"fullName":"POC Position Recovery - Extraction Validation recoverCommentPosition handles fuzzy match","status":"passed","title":"recoverCommentPosition handles fuzzy match","duration":1.2595830000000205,"failureMessages":[],"meta":{}},{"ancestorTitles":["POC Position Recovery - Extraction Validation"],"fullName":"POC Position Recovery - Extraction Validation recoverCommentPosition falls back when no match found","status":"passed","title":"recoverCommentPosition falls back when no match found","duration":0.7867499999999836,"failureMessages":[],"meta":{}},{"ancestorTitles":["POC Position Recovery - Extraction Validation"],"fullName":"POC Position Recovery - Extraction Validation recoverCommentPosition skips fresh comments (<10 seconds)","status":"passed","title":"recoverCommentPosition skips fresh comments (<10 seconds)","duration":0.12320899999997437,"failureMessages":[],"meta":{}},{"ancestorTitles":["POC Position Recovery - Extraction Validation"],"fullName":"POC Position Recovery - Extraction Validation batchRecoverCommentPositions processes multiple comments","status":"passed","title":"batchRecoverCommentPositions processes multiple comments","duration":0.5548329999999169,"failureMessages":[],"meta":{}},{"ancestorTitles":["POC Position Recovery - Extraction Validation"],"fullName":"POC Position Recovery - Extraction Validation recoverCommentPosition handles legacy comments without highlighted_text","status":"passed","title":"recoverCommentPosition handles legacy comments without highlighted_text","duration":0.08229199999993853,"failureMessages":[],"meta":{}}],"startTime":1762129997379,"endTime":1762129997383.0823,"status":"passed","message":"","name":"/Volumes/HestAI-Projects/eav-monorepo/packages/shared/src/comments/__tests__/positionRecovery.extraction.test.ts"},{"assertionResults":[],"startTime":1762129995857,"endTime":1762129995857,"status":"failed","message":"The requested module '@tiptap/core' does not provide an export named 'parseIndentedBlocks'","name":"/Volumes/HestAI-Projects/eav-monorepo/packages/shared/src/comments/extensions/CommentPositionTracker.test.ts"},{"assertionResults":[{"ancestorTitles":["Position Recovery - Fresh Comment Detection (Bug Fix)"],"fullName":"Position Recovery - Fresh Comment Detection (Bug Fix) should skip position recovery for comments < 10 seconds old","status":"passed","title":"should skip position recovery for comments < 10 seconds old","duration":0.9345419999999649,"failureMessages":[],"meta":{}},{"ancestorTitles":["Position Recovery - Fresh Comment Detection (Bug Fix)"],"fullName":"Position Recovery - Fresh Comment Detection (Bug Fix) should run position recovery for comments >= 10 seconds old","status":"passed","title":"should run position recovery for comments >= 10 seconds old","duration":0.259708000000046,"failureMessages":[],"meta":{}},{"ancestorTitles":["Position Recovery - Fresh Comment Detection (Bug Fix)"],"fullName":"Position Recovery - Fresh Comment Detection (Bug Fix) should handle missing created_at field gracefully","status":"passed","title":"should handle missing created_at field gracefully","duration":0.09579100000007656,"failureMessages":[],"meta":{}},{"ancestorTitles":["Position Recovery - Text Matching","findTextInDocument"],"fullName":"Position Recovery - Text Matching findTextInDocument should find exact text match and return new position","status":"passed","title":"should find exact text match and return new position","duration":0.4174999999999045,"failureMessages":[],"meta":{}},{"ancestorTitles":["Position Recovery - Text Matching","findTextInDocument"],"fullName":"Position Recovery - Text Matching findTextInDocument should return null when text is not found","status":"passed","title":"should return null when text is not found","duration":3.329042000000072,"failureMessages":[],"meta":{}},{"ancestorTitles":["Position Recovery - Text Matching","findTextInDocument"],"fullName":"Position Recovery - Text Matching findTextInDocument should find closest match when multiple occurrences exist","status":"passed","title":"should find closest match when multiple occurrences exist","duration":0.34504100000003746,"failureMessages":[],"meta":{}},{"ancestorTitles":["Position Recovery - Text Matching","findTextInDocument"],"fullName":"Position Recovery - Text Matching findTextInDocument should handle case-insensitive matching with warning","status":"passed","title":"should handle case-insensitive matching with warning","duration":0.20320800000001782,"failureMessages":[],"meta":{}},{"ancestorTitles":["Position Recovery - Text Matching","findTextInDocument"],"fullName":"Position Recovery - Text Matching findTextInDocument should handle partial matches with fuzzy matching","status":"passed","title":"should handle partial matches with fuzzy matching","duration":0.36587499999996,"failureMessages":[],"meta":{}},{"ancestorTitles":["Position Recovery - Text Matching","findTextInDocument"],"fullName":"Position Recovery - Text Matching findTextInDocument should return null for very short text (< 3 chars)","status":"passed","title":"should return null for very short text (< 3 chars)","duration":0.40166599999997743,"failureMessages":[],"meta":{}},{"ancestorTitles":["Position Recovery - Text Matching","calculateMatchQuality"],"fullName":"Position Recovery - Text Matching calculateMatchQuality should return \"exact\" for identical strings","status":"passed","title":"should return \"exact\" for identical strings","duration":0.10170900000002803,"failureMessages":[],"meta":{}},{"ancestorTitles":["Position Recovery - Text Matching","calculateMatchQuality"],"fullName":"Position Recovery - Text Matching calculateMatchQuality should return \"case-insensitive\" for same text different case","status":"passed","title":"should return \"case-insensitive\" for same text different case","duration":0.051165999999966516,"failureMessages":[],"meta":{}},{"ancestorTitles":["Position Recovery - Text Matching","calculateMatchQuality"],"fullName":"Position Recovery - Text Matching calculateMatchQuality should return \"fuzzy\" for similar but not identical strings","status":"passed","title":"should return \"fuzzy\" for similar but not identical strings","duration":0.039667000000008557,"failureMessages":[],"meta":{}},{"ancestorTitles":["Position Recovery - Text Matching","calculateMatchQuality"],"fullName":"Position Recovery - Text Matching calculateMatchQuality should return \"poor\" for moderately different strings","status":"passed","title":"should return \"poor\" for moderately different strings","duration":0.0362920000000031,"failureMessages":[],"meta":{}},{"ancestorTitles":["Position Recovery - Text Matching","calculateMatchQuality"],"fullName":"Position Recovery - Text Matching calculateMatchQuality should return \"none\" for very different strings","status":"passed","title":"should return \"none\" for very different strings","duration":0.060875000000010004,"failureMessages":[],"meta":{}},{"ancestorTitles":["Position Recovery - Text Matching","recoverCommentPosition"],"fullName":"Position Recovery - Text Matching recoverCommentPosition should successfully relocate comment when text matches","status":"passed","title":"should successfully relocate comment when text matches","duration":0.06795799999997598,"failureMessages":[],"meta":{}},{"ancestorTitles":["Position Recovery - Text Matching","recoverCommentPosition"],"fullName":"Position Recovery - Text Matching recoverCommentPosition should mark comment as orphaned when text is deleted","status":"passed","title":"should mark comment as orphaned when text is deleted","duration":0.09225000000003547,"failureMessages":[],"meta":{}},{"ancestorTitles":["Position Recovery - Text Matching","recoverCommentPosition"],"fullName":"Position Recovery - Text Matching recoverCommentPosition should mark as uncertain for fuzzy matches","status":"passed","title":"should mark as uncertain for fuzzy matches","duration":0.14674999999999727,"failureMessages":[],"meta":{}},{"ancestorTitles":["Position Recovery - Text Matching","recoverCommentPosition"],"fullName":"Position Recovery - Text Matching recoverCommentPosition should fall back to original position for backward compatibility","status":"passed","title":"should fall back to original position for backward compatibility","duration":0.046708000000080574,"failureMessages":[],"meta":{}},{"ancestorTitles":["Position Recovery - Text Matching","recoverCommentPosition"],"fullName":"Position Recovery - Text Matching recoverCommentPosition should handle position out of document bounds","status":"passed","title":"should handle position out of document bounds","duration":0.1991249999999809,"failureMessages":[],"meta":{}},{"ancestorTitles":["Position Recovery - Text Matching","Integration: Document Changes Scenarios"],"fullName":"Position Recovery - Text Matching Integration: Document Changes Scenarios should handle text insertion before comment","status":"passed","title":"should handle text insertion before comment","duration":0.09825000000000728,"failureMessages":[],"meta":{}},{"ancestorTitles":["Position Recovery - Text Matching","Integration: Document Changes Scenarios"],"fullName":"Position Recovery - Text Matching Integration: Document Changes Scenarios should handle text deletion before comment","status":"passed","title":"should handle text deletion before comment","duration":0.06754100000000562,"failureMessages":[],"meta":{}},{"ancestorTitles":["Position Recovery - Text Matching","Integration: Document Changes Scenarios"],"fullName":"Position Recovery - Text Matching Integration: Document Changes Scenarios should handle multiple comments after content changes","status":"passed","title":"should handle multiple comments after content changes","duration":0.13283300000000509,"failureMessages":[],"meta":{}},{"ancestorTitles":["Position Recovery - Text Matching","Performance: Large Document Handling"],"fullName":"Position Recovery - Text Matching Performance: Large Document Handling should handle 100+ comments efficiently","status":"passed","title":"should handle 100+ comments efficiently","duration":9.035041999999976,"failureMessages":[],"meta":{}}],"startTime":1762129997397,"endTime":1762129997414.0352,"status":"passed","message":"","name":"/Volumes/HestAI-Projects/eav-monorepo/packages/shared/src/comments/domain/positionRecovery.test.ts"},{"assertionResults":[],"startTime":1762129995857,"endTime":1762129995857,"status":"failed","message":"Cannot read properties of undefined (reading 'url')","name":"/Volumes/HestAI-Projects/eav-monorepo/packages/shared/src/comments/domain/repository.test.ts"},{"assertionResults":[],"startTime":1762129995857,"endTime":1762129995857,"status":"failed","message":"[vitest] No \"createBrowserClient\" export is defined on the \"../../lib/client/browser\" mock. Did you forget to return it from \"vi.mock\"?\nIf you need to partially mock a module, you can use \"importOriginal\" helper inside:\n","name":"/Volumes/HestAI-Projects/eav-monorepo/packages/shared/src/comments/hooks/useComments.test.tsx"},{"assertionResults":[{"ancestorTitles":["useCommentStore","Comment UI State"],"fullName":"useCommentStore Comment UI State initializes with null values and empty maps","status":"passed","title":"initializes with null values and empty maps","duration":5.474458000000027,"failureMessages":[],"meta":{}},{"ancestorTitles":["useCommentStore","Comment UI State"],"fullName":"useCommentStore Comment UI State updates replyingTo comment ID","status":"passed","title":"updates replyingTo comment ID","duration":1.2229590000000599,"failureMessages":[],"meta":{}},{"ancestorTitles":["useCommentStore","Comment UI State"],"fullName":"useCommentStore Comment UI State updates editingComment ID","status":"passed","title":"updates editingComment ID","duration":0.8429579999999532,"failureMessages":[],"meta":{}},{"ancestorTitles":["useCommentStore","Comment UI State"],"fullName":"useCommentStore Comment UI State sets submitting status for specific comment","status":"passed","title":"sets submitting status for specific comment","duration":0.9717079999999214,"failureMessages":[],"meta":{}},{"ancestorTitles":["useCommentStore","Optimistic Comment Tracking with Full Payload"],"fullName":"useCommentStore Optimistic Comment Tracking with Full Payload tracks optimistic comment with full payload","status":"passed","title":"tracks optimistic comment with full payload","duration":1.1412910000000238,"failureMessages":[],"meta":{}},{"ancestorTitles":["useCommentStore","Optimistic Comment Tracking with Full Payload"],"fullName":"useCommentStore Optimistic Comment Tracking with Full Payload resolves optimistic comment with real ID","status":"passed","title":"resolves optimistic comment with real ID","duration":0.47279200000002675,"failureMessages":[],"meta":{}},{"ancestorTitles":["useCommentStore","Optimistic Comment Tracking with Full Payload"],"fullName":"useCommentStore Optimistic Comment Tracking with Full Payload removes optimistic comment and its submitting status","status":"passed","title":"removes optimistic comment and its submitting status","duration":0.6542499999999336,"failureMessages":[],"meta":{}},{"ancestorTitles":["useCommentStore","Optimistic Comment Tracking with Full Payload"],"fullName":"useCommentStore Optimistic Comment Tracking with Full Payload handles multiple optimistic comments with independent payloads","status":"passed","title":"handles multiple optimistic comments with independent payloads","duration":0.43583300000000236,"failureMessages":[],"meta":{}},{"ancestorTitles":["useCommentStore","Optimistic Comment Tracking with Full Payload"],"fullName":"useCommentStore Optimistic Comment Tracking with Full Payload handles missing comment during resolve gracefully","status":"passed","title":"handles missing comment during resolve gracefully","duration":0.9847080000000688,"failureMessages":[],"meta":{}},{"ancestorTitles":["useCommentStore","Combined State Management"],"fullName":"useCommentStore Combined State Management maintains independent state for all properties","status":"passed","title":"maintains independent state for all properties","duration":0.45566600000006474,"failureMessages":[],"meta":{}},{"ancestorTitles":["useCommentStore","Combined State Management"],"fullName":"useCommentStore Combined State Management tracks multiple comments with individual submitting statuses","status":"passed","title":"tracks multiple comments with individual submitting statuses","duration":0.3177089999999225,"failureMessages":[],"meta":{}}],"startTime":1762129997392,"endTime":1762129997405.3176,"status":"passed","message":"","name":"/Volumes/HestAI-Projects/eav-monorepo/packages/shared/src/comments/state/commentStore.test.ts"},{"assertionResults":[],"startTime":1762129995857,"endTime":1762129995857,"status":"failed","message":"Missing VITE_SUPABASE_URL environment variable","name":"/Volumes/HestAI-Projects/eav-monorepo/packages/shared/src/comments/state/useCommentMutations.test.tsx"},{"assertionResults":[{"ancestorTitles":["useScriptCommentsQuery - Integration Tests (Testguard-Approved)"],"fullName":"useScriptCommentsQuery - Integration Tests (Testguard-Approved) does not fetch when no script selected","status":"failed","title":"does not fetch when no script selected","duration":12.627375000000029,"failureMessages":["Error: Element type is invalid: expected a string (for built-in components) or a class/function (for composite components) but got: undefined. You likely forgot to export your component from the file it's defined in, or you might have mixed up default and named imports.\n    at createFiberFromTypeAndProps (/Volumes/HestAI-Projects/eav-monorepo/node_modules/.pnpm/react-dom@18.3.1_react@18.3.1/node_modules/react-dom/cjs/react-dom.development.js:28478:17)\n    at createFiberFromElement (/Volumes/HestAI-Projects/eav-monorepo/node_modules/.pnpm/react-dom@18.3.1_react@18.3.1/node_modules/react-dom/cjs/react-dom.development.js:28504:15)\n    at reconcileSingleElement (/Volumes/HestAI-Projects/eav-monorepo/node_modules/.pnpm/react-dom@18.3.1_react@18.3.1/node_modules/react-dom/cjs/react-dom.development.js:13986:23)\n    at reconcileChildFibers (/Volumes/HestAI-Projects/eav-monorepo/node_modules/.pnpm/react-dom@18.3.1_react@18.3.1/node_modules/react-dom/cjs/react-dom.development.js:14044:35)\n    at reconcileChildren (/Volumes/HestAI-Projects/eav-monorepo/node_modules/.pnpm/react-dom@18.3.1_react@18.3.1/node_modules/react-dom/cjs/react-dom.development.js:19186:28)\n    at updateContextProvider (/Volumes/HestAI-Projects/eav-monorepo/node_modules/.pnpm/react-dom@18.3.1_react@18.3.1/node_modules/react-dom/cjs/react-dom.development.js:21193:3)\n    at beginWork (/Volumes/HestAI-Projects/eav-monorepo/node_modules/.pnpm/react-dom@18.3.1_react@18.3.1/node_modules/react-dom/cjs/react-dom.development.js:21688:14)\n    at beginWork$1 (/Volumes/HestAI-Projects/eav-monorepo/node_modules/.pnpm/react-dom@18.3.1_react@18.3.1/node_modules/react-dom/cjs/react-dom.development.js:27465:14)\n    at performUnitOfWork (/Volumes/HestAI-Projects/eav-monorepo/node_modules/.pnpm/react-dom@18.3.1_react@18.3.1/node_modules/react-dom/cjs/react-dom.development.js:26599:12)\n    at workLoopSync (/Volumes/HestAI-Projects/eav-monorepo/node_modules/.pnpm/react-dom@18.3.1_react@18.3.1/node_modules/react-dom/cjs/react-dom.development.js:26505:5)"],"meta":{}},{"ancestorTitles":["useScriptCommentsQuery - Integration Tests (Testguard-Approved)"],"fullName":"useScriptCommentsQuery - Integration Tests (Testguard-Approved) uses 30-second stale time for comment freshness (architecture compliance)","status":"failed","title":"uses 30-second stale time for comment freshness (architecture compliance)","duration":2.298999999999978,"failureMessages":["Error: Element type is invalid: expected a string (for built-in components) or a class/function (for composite components) but got: undefined. You likely forgot to export your component from the file it's defined in, or you might have mixed up default and named imports.\n    at createFiberFromTypeAndProps (/Volumes/HestAI-Projects/eav-monorepo/node_modules/.pnpm/react-dom@18.3.1_react@18.3.1/node_modules/react-dom/cjs/react-dom.development.js:28478:17)\n    at createFiberFromElement (/Volumes/HestAI-Projects/eav-monorepo/node_modules/.pnpm/react-dom@18.3.1_react@18.3.1/node_modules/react-dom/cjs/react-dom.development.js:28504:15)\n    at reconcileSingleElement (/Volumes/HestAI-Projects/eav-monorepo/node_modules/.pnpm/react-dom@18.3.1_react@18.3.1/node_modules/react-dom/cjs/react-dom.development.js:13986:23)\n    at reconcileChildFibers (/Volumes/HestAI-Projects/eav-monorepo/node_modules/.pnpm/react-dom@18.3.1_react@18.3.1/node_modules/react-dom/cjs/react-dom.development.js:14044:35)\n    at reconcileChildren (/Volumes/HestAI-Projects/eav-monorepo/node_modules/.pnpm/react-dom@18.3.1_react@18.3.1/node_modules/react-dom/cjs/react-dom.development.js:19186:28)\n    at updateContextProvider (/Volumes/HestAI-Projects/eav-monorepo/node_modules/.pnpm/react-dom@18.3.1_react@18.3.1/node_modules/react-dom/cjs/react-dom.development.js:21193:3)\n    at beginWork (/Volumes/HestAI-Projects/eav-monorepo/node_modules/.pnpm/react-dom@18.3.1_react@18.3.1/node_modules/react-dom/cjs/react-dom.development.js:21688:14)\n    at beginWork$1 (/Volumes/HestAI-Projects/eav-monorepo/node_modules/.pnpm/react-dom@18.3.1_react@18.3.1/node_modules/react-dom/cjs/react-dom.development.js:27465:14)\n    at performUnitOfWork (/Volumes/HestAI-Projects/eav-monorepo/node_modules/.pnpm/react-dom@18.3.1_react@18.3.1/node_modules/react-dom/cjs/react-dom.development.js:26599:12)\n    at workLoopSync (/Volumes/HestAI-Projects/eav-monorepo/node_modules/.pnpm/react-dom@18.3.1_react@18.3.1/node_modules/react-dom/cjs/react-dom.development.js:26505:5)"],"meta":{}},{"ancestorTitles":["useScriptCommentsQuery - Integration Tests (Testguard-Approved)"],"fullName":"useScriptCommentsQuery - Integration Tests (Testguard-Approved) enables refetchOnWindowFocus for real-time feel","status":"failed","title":"enables refetchOnWindowFocus for real-time feel","duration":1.5850410000000466,"failureMessages":["Error: Element type is invalid: expected a string (for built-in components) or a class/function (for composite components) but got: undefined. You likely forgot to export your component from the file it's defined in, or you might have mixed up default and named imports.\n    at createFiberFromTypeAndProps (/Volumes/HestAI-Projects/eav-monorepo/node_modules/.pnpm/react-dom@18.3.1_react@18.3.1/node_modules/react-dom/cjs/react-dom.development.js:28478:17)\n    at createFiberFromElement (/Volumes/HestAI-Projects/eav-monorepo/node_modules/.pnpm/react-dom@18.3.1_react@18.3.1/node_modules/react-dom/cjs/react-dom.development.js:28504:15)\n    at reconcileSingleElement (/Volumes/HestAI-Projects/eav-monorepo/node_modules/.pnpm/react-dom@18.3.1_react@18.3.1/node_modules/react-dom/cjs/react-dom.development.js:13986:23)\n    at reconcileChildFibers (/Volumes/HestAI-Projects/eav-monorepo/node_modules/.pnpm/react-dom@18.3.1_react@18.3.1/node_modules/react-dom/cjs/react-dom.development.js:14044:35)\n    at reconcileChildren (/Volumes/HestAI-Projects/eav-monorepo/node_modules/.pnpm/react-dom@18.3.1_react@18.3.1/node_modules/react-dom/cjs/react-dom.development.js:19186:28)\n    at updateContextProvider (/Volumes/HestAI-Projects/eav-monorepo/node_modules/.pnpm/react-dom@18.3.1_react@18.3.1/node_modules/react-dom/cjs/react-dom.development.js:21193:3)\n    at beginWork (/Volumes/HestAI-Projects/eav-monorepo/node_modules/.pnpm/react-dom@18.3.1_react@18.3.1/node_modules/react-dom/cjs/react-dom.development.js:21688:14)\n    at beginWork$1 (/Volumes/HestAI-Projects/eav-monorepo/node_modules/.pnpm/react-dom@18.3.1_react@18.3.1/node_modules/react-dom/cjs/react-dom.development.js:27465:14)\n    at performUnitOfWork (/Volumes/HestAI-Projects/eav-monorepo/node_modules/.pnpm/react-dom@18.3.1_react@18.3.1/node_modules/react-dom/cjs/react-dom.development.js:26599:12)\n    at workLoopSync (/Volumes/HestAI-Projects/eav-monorepo/node_modules/.pnpm/react-dom@18.3.1_react@18.3.1/node_modules/react-dom/cjs/react-dom.development.js:26505:5)"],"meta":{}}],"startTime":1762129996663,"endTime":1762129996679.585,"status":"failed","message":"","name":"/Volumes/HestAI-Projects/eav-monorepo/packages/shared/src/comments/state/useCommentsQuery.test.tsx"},{"assertionResults":[],"startTime":1762129995857,"endTime":1762129995857,"status":"failed","message":"Missing VITE_SUPABASE_URL environment variable","name":"/Volumes/HestAI-Projects/eav-monorepo/packages/shared/src/editor/locking/useScriptLock.test.ts"},{"assertionResults":[{"ancestorTitles":["scriptMapper","normalizeScriptId"],"fullName":"scriptMapper normalizeScriptId should return valid string IDs unchanged","status":"passed","title":"should return valid string IDs unchanged","duration":0.6369999999999436,"failureMessages":[],"meta":{}},{"ancestorTitles":["scriptMapper","normalizeScriptId"],"fullName":"scriptMapper normalizeScriptId should throw error for null script_id","status":"passed","title":"should throw error for null script_id","duration":0.38049999999998363,"failureMessages":[],"meta":{}},{"ancestorTitles":["scriptMapper","normalizeScriptId"],"fullName":"scriptMapper normalizeScriptId should convert undefined to error","status":"passed","title":"should convert undefined to error","duration":0.0876660000000129,"failureMessages":[],"meta":{}},{"ancestorTitles":["scriptMapper","mapScriptComponentRow"],"fullName":"scriptMapper mapScriptComponentRow should transform a valid script component row","status":"passed","title":"should transform a valid script component row","duration":0.624541000000022,"failureMessages":[],"meta":{}},{"ancestorTitles":["scriptMapper","mapScriptComponentRow"],"fullName":"scriptMapper mapScriptComponentRow should handle null word_count as 0","status":"passed","title":"should handle null word_count as 0","duration":0.1715000000000373,"failureMessages":[],"meta":{}},{"ancestorTitles":["scriptMapper","mapScriptComponentRow"],"fullName":"scriptMapper mapScriptComponentRow should generate consistent hash for same content","status":"passed","title":"should generate consistent hash for same content","duration":0.08291700000006585,"failureMessages":[],"meta":{}},{"ancestorTitles":["scriptMapper","mapScriptComponentRow"],"fullName":"scriptMapper mapScriptComponentRow should generate different hash for different content","status":"passed","title":"should generate different hash for different content","duration":0.11775000000000091,"failureMessages":[],"meta":{}},{"ancestorTitles":["scriptMapper","mapScriptRowToScript"],"fullName":"scriptMapper mapScriptRowToScript should transform a valid script row with components","status":"passed","title":"should transform a valid script row with components","duration":0.16833299999996143,"failureMessages":[],"meta":{}},{"ancestorTitles":["scriptMapper","mapScriptRowToScript"],"fullName":"scriptMapper mapScriptRowToScript should throw error when video_id is null","status":"passed","title":"should throw error when video_id is null","duration":0.18204200000002402,"failureMessages":[],"meta":{}},{"ancestorTitles":["scriptMapper","mapScriptRowToScript"],"fullName":"scriptMapper mapScriptRowToScript should default to empty components array when not provided","status":"passed","title":"should default to empty components array when not provided","duration":0.09224999999992178,"failureMessages":[],"meta":{}},{"ancestorTitles":["scriptMapper","mapScriptRowToScript"],"fullName":"scriptMapper mapScriptRowToScript should handle null dates with defaults","status":"passed","title":"should handle null dates with defaults","duration":0.17341699999997218,"failureMessages":[],"meta":{}},{"ancestorTitles":["scriptMapper","mapScriptRowToScript"],"fullName":"scriptMapper mapScriptRowToScript should throw error if script row is null","status":"passed","title":"should throw error if script row is null","duration":0.06641700000000128,"failureMessages":[],"meta":{}},{"ancestorTitles":["scriptMapper","mapScriptRowToScript"],"fullName":"scriptMapper mapScriptRowToScript should throw error if script row is undefined","status":"passed","title":"should throw error if script row is undefined","duration":0.054250000000024556,"failureMessages":[],"meta":{}},{"ancestorTitles":["scriptMapper","mapScriptRowToScript"],"fullName":"scriptMapper mapScriptRowToScript should handle yjs_state as Uint8Array","status":"passed","title":"should handle yjs_state as Uint8Array","duration":0.04616699999996854,"failureMessages":[],"meta":{}}],"startTime":1762129997407,"endTime":1762129997410.1821,"status":"passed","message":"","name":"/Volumes/HestAI-Projects/eav-monorepo/packages/shared/src/lib/mappers/scriptMapper.test.ts"},{"assertionResults":[{"ancestorTitles":["userProfileMapper","isValidUserRole"],"fullName":"userProfileMapper isValidUserRole should return true for valid roles","status":"passed","title":"should return true for valid roles","duration":0.6797500000000127,"failureMessages":[],"meta":{}},{"ancestorTitles":["userProfileMapper","isValidUserRole"],"fullName":"userProfileMapper isValidUserRole should return false for invalid roles","status":"passed","title":"should return false for invalid roles","duration":0.31675000000007003,"failureMessages":[],"meta":{}},{"ancestorTitles":["userProfileMapper","isValidUserRole"],"fullName":"userProfileMapper isValidUserRole should return false for undefined","status":"passed","title":"should return false for undefined","duration":0.11683300000004238,"failureMessages":[],"meta":{}},{"ancestorTitles":["userProfileMapper","validateAndNormalizeRole"],"fullName":"userProfileMapper validateAndNormalizeRole should return valid roles unchanged","status":"passed","title":"should return valid roles unchanged","duration":0.14629100000001927,"failureMessages":[],"meta":{}},{"ancestorTitles":["userProfileMapper","validateAndNormalizeRole"],"fullName":"userProfileMapper validateAndNormalizeRole should return null for invalid roles with security warning","status":"passed","title":"should return null for invalid roles with security warning","duration":0.6939590000000635,"failureMessages":[],"meta":{}},{"ancestorTitles":["userProfileMapper","validateAndNormalizeRole"],"fullName":"userProfileMapper validateAndNormalizeRole should handle empty string as invalid","status":"passed","title":"should handle empty string as invalid","duration":0.12733400000001893,"failureMessages":[],"meta":{}},{"ancestorTitles":["userProfileMapper","mapUserProfileRowToUserProfile"],"fullName":"userProfileMapper mapUserProfileRowToUserProfile should transform a valid Supabase user profile row to domain UserProfile","status":"passed","title":"should transform a valid Supabase user profile row to domain UserProfile","duration":0.12483299999996689,"failureMessages":[],"meta":{}},{"ancestorTitles":["userProfileMapper","mapUserProfileRowToUserProfile"],"fullName":"userProfileMapper mapUserProfileRowToUserProfile should handle null role correctly","status":"passed","title":"should handle null role correctly","duration":0.0933749999999236,"failureMessages":[],"meta":{}},{"ancestorTitles":["userProfileMapper","mapUserProfileRowToUserProfile"],"fullName":"userProfileMapper mapUserProfileRowToUserProfile should normalize invalid role to null with security warning","status":"passed","title":"should normalize invalid role to null with security warning","duration":0.2795419999999922,"failureMessages":[],"meta":{}},{"ancestorTitles":["userProfileMapper","mapUserProfileRowToUserProfile"],"fullName":"userProfileMapper mapUserProfileRowToUserProfile should handle created_at as null","status":"passed","title":"should handle created_at as null","duration":0.23737499999992906,"failureMessages":[],"meta":{}},{"ancestorTitles":["userProfileMapper","mapUserProfileRowToUserProfile"],"fullName":"userProfileMapper mapUserProfileRowToUserProfile should throw error if user profile row is null","status":"passed","title":"should throw error if user profile row is null","duration":0.29424999999991996,"failureMessages":[],"meta":{}},{"ancestorTitles":["userProfileMapper","mapUserProfileRowToUserProfile"],"fullName":"userProfileMapper mapUserProfileRowToUserProfile should throw error if user profile row is undefined","status":"passed","title":"should throw error if user profile row is undefined","duration":0.06183299999997871,"failureMessages":[],"meta":{}},{"ancestorTitles":["userProfileMapper","mapUserProfileRowToUserProfile"],"fullName":"userProfileMapper mapUserProfileRowToUserProfile should include client_filter when present","status":"passed","title":"should include client_filter when present","duration":0.054333000000042375,"failureMessages":[],"meta":{}}],"startTime":1762129997547,"endTime":1762129997550.2942,"status":"passed","message":"","name":"/Volumes/HestAI-Projects/eav-monorepo/packages/shared/src/lib/mappers/userProfileMapper.test.ts"},{"assertionResults":[],"startTime":1762129995857,"endTime":1762129995857,"status":"failed","message":"Missing VITE_SUPABASE_URL environment variable","name":"/Volumes/HestAI-Projects/eav-monorepo/packages/shared/src/scripts/domain/scriptService.test.ts"},{"assertionResults":[{"ancestorTitles":["useScriptStore","ScriptSlice"],"fullName":"useScriptStore ScriptSlice initializes with saved status and null lastSaved","status":"passed","title":"initializes with saved status and null lastSaved","duration":6.28733299999999,"failureMessages":[],"meta":{}},{"ancestorTitles":["useScriptStore","ScriptSlice"],"fullName":"useScriptStore ScriptSlice updates saveStatus correctly","status":"passed","title":"updates saveStatus correctly","duration":1.2808340000000271,"failureMessages":[],"meta":{}},{"ancestorTitles":["useScriptStore","ScriptSlice"],"fullName":"useScriptStore ScriptSlice updates lastSaved timestamp","status":"passed","title":"updates lastSaved timestamp","duration":1.0078750000000127,"failureMessages":[],"meta":{}},{"ancestorTitles":["useScriptStore","ScriptSlice"],"fullName":"useScriptStore ScriptSlice handles all saveStatus states","status":"passed","title":"handles all saveStatus states","duration":1.1507080000000087,"failureMessages":[],"meta":{}},{"ancestorTitles":["useScriptStore","EditorSlice"],"fullName":"useScriptStore EditorSlice initializes with zero component count","status":"passed","title":"initializes with zero component count","duration":5.40787499999999,"failureMessages":[],"meta":{}},{"ancestorTitles":["useScriptStore","EditorSlice"],"fullName":"useScriptStore EditorSlice updates component count correctly","status":"passed","title":"updates component count correctly","duration":0.5103750000000673,"failureMessages":[],"meta":{}},{"ancestorTitles":["useScriptStore","EditorSlice"],"fullName":"useScriptStore EditorSlice handles component count updates from different values","status":"passed","title":"handles component count updates from different values","duration":0.6994999999999436,"failureMessages":[],"meta":{}},{"ancestorTitles":["useScriptStore","WorkflowStatusSlice"],"fullName":"useScriptStore WorkflowStatusSlice initializes with null workflow status","status":"passed","title":"initializes with null workflow status","duration":0.36170800000002146,"failureMessages":[],"meta":{}},{"ancestorTitles":["useScriptStore","WorkflowStatusSlice"],"fullName":"useScriptStore WorkflowStatusSlice updates workflow status correctly","status":"passed","title":"updates workflow status correctly","duration":0.9729999999999563,"failureMessages":[],"meta":{}},{"ancestorTitles":["useScriptStore","WorkflowStatusSlice"],"fullName":"useScriptStore WorkflowStatusSlice prepares rollback context correctly","status":"passed","title":"prepares rollback context correctly","duration":0.3799170000000913,"failureMessages":[],"meta":{}},{"ancestorTitles":["useScriptStore","WorkflowStatusSlice"],"fullName":"useScriptStore WorkflowStatusSlice performs rollback correctly","status":"passed","title":"performs rollback correctly","duration":0.4539999999999509,"failureMessages":[],"meta":{}},{"ancestorTitles":["useScriptStore","WorkflowStatusSlice"],"fullName":"useScriptStore WorkflowStatusSlice handles all workflow status values","status":"passed","title":"handles all workflow status values","duration":0.3424170000000686,"failureMessages":[],"meta":{}},{"ancestorTitles":["useScriptStore","Combined State"],"fullName":"useScriptStore Combined State maintains independent state for both slices","status":"passed","title":"maintains independent state for both slices","duration":0.30429099999992104,"failureMessages":[],
[...]
node_modules/.pnpm/react-dom@18.3.1_react@18.3.1/node_modules/react-dom/cjs/react-dom.development.js:28478:17)\n    at createFiberFromElement (/Volumes/HestAI-Projects/eav-monorepo/node_modules/.pnpm/react-dom@18.3.1_react@18.3.1/node_modules/react-dom/cjs/react-dom.development.js:28504:15)\n    at reconcileSingleElement (/Volumes/HestAI-Projects/eav-monorepo/node_modules/.pnpm/react-dom@18.3.1_react@18.3.1/node_modules/react-dom/cjs/react-dom.development.js:13986:23)\n    at reconcileChildFibers (/Volumes/HestAI-Projects/eav-monorepo/node_modules/.pnpm/react-dom@18.3.1_react@18.3.1/node_modules/react-dom/cjs/react-dom.development.js:14044:35)\n    at reconcileChildren (/Volumes/HestAI-Projects/eav-monorepo/node_modules/.pnpm/react-dom@18.3.1_react@18.3.1/node_modules/react-dom/cjs/react-dom.development.js:19186:28)\n    at updateContextProvider (/Volumes/HestAI-Projects/eav-monorepo/node_modules/.pnpm/react-dom@18.3.1_react@18.3.1/node_modules/react-dom/cjs/react-dom.development.js:21193:3)\n    at beginWork (/Volumes/HestAI-Projects/eav-monorepo/node_modules/.pnpm/react-dom@18.3.1_react@18.3.1/node_modules/react-dom/cjs/react-dom.development.js:21688:14)\n    at beginWork$1 (/Volumes/HestAI-Projects/eav-monorepo/node_modules/.pnpm/react-dom@18.3.1_react@18.3.1/node_modules/react-dom/cjs/react-dom.development.js:27465:14)\n    at performUnitOfWork (/Volumes/HestAI-Projects/eav-monorepo/node_modules/.pnpm/react-dom@18.3.1_react@18.3.1/node_modules/react-dom/cjs/react-dom.development.js:26599:12)\n    at workLoopSync (/Volumes/HestAI-Projects/eav-monorepo/node_modules/.pnpm/react-dom@18.3.1_react@18.3.1/node_modules/react-dom/cjs/react-dom.development.js:26505:5)"],"meta":{}},{"ancestorTitles":["useScriptMutations - Integration Tests (Testguard-Approved)","Amendment #3 - Concurrency Protection via PATCH Pattern"],"fullName":"useScriptMutations - Integration Tests (Testguard-Approved) Amendment #3 - Concurrency Protection via PATCH Pattern RED STATE: handles concurrent saves without data loss using PATCH pattern","status":"failed","title":"RED STATE: handles concurrent saves without data loss using PATCH pattern","duration":1.4721660000000156,"failureMessages":["Error: Element type is invalid: expected a string (for built-in components) or a class/function (for composite components) but got: undefined. You likely forgot to export your component from the file it's defined in, or you might have mixed up default and named imports.\n    at createFiberFromTypeAndProps (/Volumes/HestAI-Projects/eav-monorepo/node_modules/.pnpm/react-dom@18.3.1_react@18.3.1/node_modules/react-dom/cjs/react-dom.development.js:28478:17)\n    at createFiberFromElement (/Volumes/HestAI-Projects/eav-monorepo/node_modules/.pnpm/react-dom@18.3.1_react@18.3.1/node_modules/react-dom/cjs/react-dom.development.js:28504:15)\n    at reconcileSingleElement (/Volumes/HestAI-Projects/eav-monorepo/node_modules/.pnpm/react-dom@18.3.1_react@18.3.1/node_modules/react-dom/cjs/react-dom.development.js:13986:23)\n    at reconcileChildFibers (/Volumes/HestAI-Projects/eav-monorepo/node_modules/.pnpm/react-dom@18.3.1_react@18.3.1/node_modules/react-dom/cjs/react-dom.development.js:14044:35)\n    at reconcileChildren (/Volumes/HestAI-Projects/eav-monorepo/node_modules/.pnpm/react-dom@18.3.1_react@18.3.1/node_modules/react-dom/cjs/react-dom.development.js:19186:28)\n    at updateContextProvider (/Volumes/HestAI-Projects/eav-monorepo/node_modules/.pnpm/react-dom@18.3.1_react@18.3.1/node_modules/react-dom/cjs/react-dom.development.js:21193:3)\n    at beginWork (/Volumes/HestAI-Projects/eav-monorepo/node_modules/.pnpm/react-dom@18.3.1_react@18.3.1/node_modules/react-dom/cjs/react-dom.development.js:21688:14)\n    at beginWork$1 (/Volumes/HestAI-Projects/eav-monorepo/node_modules/.pnpm/react-dom@18.3.1_react@18.3.1/node_modules/react-dom/cjs/react-dom.development.js:27465:14)\n    at performUnitOfWork (/Volumes/HestAI-Projects/eav-monorepo/node_modules/.pnpm/react-dom@18.3.1_react@18.3.1/node_modules/react-dom/cjs/react-dom.development.js:26599:12)\n    at workLoopSync (/Volumes/HestAI-Projects/eav-monorepo/node_modules/.pnpm/react-dom@18.3.1_react@18.3.1/node_modules/react-dom/cjs/react-dom.development.js:26505:5)"],"meta":{}},{"ancestorTitles":["useScriptMutations - Integration Tests (Testguard-Approved)","Amendment #3 - Concurrency Protection via PATCH Pattern"],"fullName":"useScriptMutations - Integration Tests (Testguard-Approved) Amendment #3 - Concurrency Protection via PATCH Pattern RED STATE: PATCH pattern prevents accidental field nullification","status":"failed","title":"RED STATE: PATCH pattern prevents accidental field nullification","duration":1.2500830000000178,"failureMessages":["Error: Element type is invalid: expected a string (for built-in components) or a class/function (for composite components) but got: undefined. You likely forgot to export your component from the file it's defined in, or you might have mixed up default and named imports.\n    at createFiberFromTypeAndProps (/Volumes/HestAI-Projects/eav-monorepo/node_modules/.pnpm/react-dom@18.3.1_react@18.3.1/node_modules/react-dom/cjs/react-dom.development.js:28478:17)\n    at createFiberFromElement (/Volumes/HestAI-Projects/eav-monorepo/node_modules/.pnpm/react-dom@18.3.1_react@18.3.1/node_modules/react-dom/cjs/react-dom.development.js:28504:15)\n    at reconcileSingleElement (/Volumes/HestAI-Projects/eav-monorepo/node_modules/.pnpm/react-dom@18.3.1_react@18.3.1/node_modules/react-dom/cjs/react-dom.development.js:13986:23)\n    at reconcileChildFibers (/Volumes/HestAI-Projects/eav-monorepo/node_modules/.pnpm/react-dom@18.3.1_react@18.3.1/node_modules/react-dom/cjs/react-dom.development.js:14044:35)\n    at reconcileChildren (/Volumes/HestAI-Projects/eav-monorepo/node_modules/.pnpm/react-dom@18.3.1_react@18.3.1/node_modules/react-dom/cjs/react-dom.development.js:19186:28)\n    at updateContextProvider (/Volumes/HestAI-Projects/eav-monorepo/node_modules/.pnpm/react-dom@18.3.1_react@18.3.1/node_modules/react-dom/cjs/react-dom.development.js:21193:3)\n    at beginWork (/Volumes/HestAI-Projects/eav-monorepo/node_modules/.pnpm/react-dom@18.3.1_react@18.3.1/node_modules/react-dom/cjs/react-dom.development.js:21688:14)\n    at beginWork$1 (/Volumes/HestAI-Projects/eav-monorepo/node_modules/.pnpm/react-dom@18.3.1_react@18.3.1/node_modules/react-dom/cjs/react-dom.development.js:27465:14)\n    at performUnitOfWork (/Volumes/HestAI-Projects/eav-monorepo/node_modules/.pnpm/react-dom@18.3.1_react@18.3.1/node_modules/react-dom/cjs/react-dom.development.js:26599:12)\n    at workLoopSync (/Volumes/HestAI-Projects/eav-monorepo/node_modules/.pnpm/react-dom@18.3.1_react@18.3.1/node_modules/react-dom/cjs/react-dom.development.js:26505:5)"],"meta":{}},{"ancestorTitles":["useScriptMutations - Integration Tests (Testguard-Approved)","updateStatus Mutation - Gap #1 & #4 Resolution"],"fullName":"useScriptMutations - Integration Tests (Testguard-Approved) updateStatus Mutation - Gap #1 & #4 Resolution RED STATE: should update script status with optimistic UI and rollback","status":"failed","title":"RED STATE: should update script status with optimistic UI and rollback","duration":1.331707999999935,"failureMessages":["Error: Element type is invalid: expected a string (for built-in components) or a class/function (for composite components) but got: undefined. You likely forgot to export your component from the file it's defined in, or you might have mixed up default and named imports.\n    at createFiberFromTypeAndProps (/Volumes/HestAI-Projects/eav-monorepo/node_modules/.pnpm/react-dom@18.3.1_react@18.3.1/node_modules/react-dom/cjs/react-dom.development.js:28478:17)\n    at createFiberFromElement (/Volumes/HestAI-Projects/eav-monorepo/node_modules/.pnpm/react-dom@18.3.1_react@18.3.1/node_modules/react-dom/cjs/react-dom.development.js:28504:15)\n    at reconcileSingleElement (/Volumes/HestAI-Projects/eav-monorepo/node_modules/.pnpm/react-dom@18.3.1_react@18.3.1/node_modules/react-dom/cjs/react-dom.development.js:13986:23)\n    at reconcileChildFibers (/Volumes/HestAI-Projects/eav-monorepo/node_modules/.pnpm/react-dom@18.3.1_react@18.3.1/node_modules/react-dom/cjs/react-dom.development.js:14044:35)\n    at reconcileChildren (/Volumes/HestAI-Projects/eav-monorepo/node_modules/.pnpm/react-dom@18.3.1_react@18.3.1/node_modules/react-dom/cjs/react-dom.development.js:19186:28)\n    at updateContextProvider (/Volumes/HestAI-Projects/eav-monorepo/node_modules/.pnpm/react-dom@18.3.1_react@18.3.1/node_modules/react-dom/cjs/react-dom.development.js:21193:3)\n    at beginWork (/Volumes/HestAI-Projects/eav-monorepo/node_modules/.pnpm/react-dom@18.3.1_react@18.3.1/node_modules/react-dom/cjs/react-dom.development.js:21688:14)\n    at beginWork$1 (/Volumes/HestAI-Projects/eav-monorepo/node_modules/.pnpm/react-dom@18.3.1_react@18.3.1/node_modules/react-dom/cjs/react-dom.development.js:27465:14)\n    at performUnitOfWork (/Volumes/HestAI-Projects/eav-monorepo/node_modules/.pnpm/react-dom@18.3.1_react@18.3.1/node_modules/react-dom/cjs/react-dom.development.js:26599:12)\n    at workLoopSync (/Volumes/HestAI-Projects/eav-monorepo/node_modules/.pnpm/react-dom@18.3.1_react@18.3.1/node_modules/react-dom/cjs/react-dom.development.js:26505:5)"],"meta":{}},{"ancestorTitles":["useScriptMutations - Integration Tests (Testguard-Approved)","updateStatus Mutation - Gap #1 & #4 Resolution"],"fullName":"useScriptMutations - Integration Tests (Testguard-Approved) updateStatus Mutation - Gap #1 & #4 Resolution RED STATE: should rollback on status update failure","status":"failed","title":"RED STATE: should rollback on status update failure","duration":1.4327499999999418,"failureMessages":["Error: Element type is invalid: expected a string (for built-in components) or a class/function (for composite components) but got: undefined. You likely forgot to export your component from the file it's defined in, or you might have mixed up default and named imports.\n    at createFiberFromTypeAndProps (/Volumes/HestAI-Projects/eav-monorepo/node_modules/.pnpm/react-dom@18.3.1_react@18.3.1/node_modules/react-dom/cjs/react-dom.development.js:28478:17)\n    at createFiberFromElement (/Volumes/HestAI-Projects/eav-monorepo/node_modules/.pnpm/react-dom@18.3.1_react@18.3.1/node_modules/react-dom/cjs/react-dom.development.js:28504:15)\n    at reconcileSingleElement (/Volumes/HestAI-Projects/eav-monorepo/node_modules/.pnpm/react-dom@18.3.1_react@18.3.1/node_modules/react-dom/cjs/react-dom.development.js:13986:23)\n    at reconcileChildFibers (/Volumes/HestAI-Projects/eav-monorepo/node_modules/.pnpm/react-dom@18.3.1_react@18.3.1/node_modules/react-dom/cjs/react-dom.development.js:14044:35)\n    at reconcileChildren (/Volumes/HestAI-Projects/eav-monorepo/node_modules/.pnpm/react-dom@18.3.1_react@18.3.1/node_modules/react-dom/cjs/react-dom.development.js:19186:28)\n    at updateContextProvider (/Volumes/HestAI-Projects/eav-monorepo/node_modules/.pnpm/react-dom@18.3.1_react@18.3.1/node_modules/react-dom/cjs/react-dom.development.js:21193:3)\n    at beginWork (/Volumes/HestAI-Projects/eav-monorepo/node_modules/.pnpm/react-dom@18.3.1_react@18.3.1/node_modules/react-dom/cjs/react-dom.development.js:21688:14)\n    at beginWork$1 (/Volumes/HestAI-Projects/eav-monorepo/node_modules/.pnpm/react-dom@18.3.1_react@18.3.1/node_modules/react-dom/cjs/react-dom.development.js:27465:14)\n    at performUnitOfWork (/Volumes/HestAI-Projects/eav-monorepo/node_modules/.pnpm/react-dom@18.3.1_react@18.3.1/node_modules/react-dom/cjs/react-dom.development.js:26599:12)\n    at workLoopSync (/Volumes/HestAI-Projects/eav-monorepo/node_modules/.pnpm/react-dom@18.3.1_react@18.3.1/node_modules/react-dom/cjs/react-dom.development.js:26505:5)"],"meta":{}},{"ancestorTitles":["useScriptMutations - Integration Tests (Testguard-Approved)","updateStatus Mutation - Gap #1 & #4 Resolution"],"fullName":"useScriptMutations - Integration Tests (Testguard-Approved) updateStatus Mutation - Gap #1 & #4 Resolution RED STATE: should use correct cache key for React Query","status":"failed","title":"RED STATE: should use correct cache key for React Query","duration":0.888084000000049,"failureMessages":["Error: Element type is invalid: expected a string (for built-in components) or a class/function (for composite components) but got: undefined. You likely forgot to export your component from the file it's defined in, or you might have mixed up default and named imports.\n    at createFiberFromTypeAndProps (/Volumes/HestAI-Projects/eav-monorepo/node_modules/.pnpm/react-dom@18.3.1_react@18.3.1/node_modules/react-dom/cjs/react-dom.development.js:28478:17)\n    at createFiberFromElement (/Volumes/HestAI-Projects/eav-monorepo/node_modules/.pnpm/react-dom@18.3.1_react@18.3.1/node_modules/react-dom/cjs/react-dom.development.js:28504:15)\n    at reconcileSingleElement (/Volumes/HestAI-Projects/eav-monorepo/node_modules/.pnpm/react-dom@18.3.1_react@18.3.1/node_modules/react-dom/cjs/react-dom.development.js:13986:23)\n    at reconcileChildFibers (/Volumes/HestAI-Projects/eav-monorepo/node_modules/.pnpm/react-dom@18.3.1_react@18.3.1/node_modules/react-dom/cjs/react-dom.development.js:14044:35)\n    at reconcileChildren (/Volumes/HestAI-Projects/eav-monorepo/node_modules/.pnpm/react-dom@18.3.1_react@18.3.1/node_modules/react-dom/cjs/react-dom.development.js:19186:28)\n    at updateContextProvider (/Volumes/HestAI-Projects/eav-monorepo/node_modules/.pnpm/react-dom@18.3.1_react@18.3.1/node_modules/react-dom/cjs/react-dom.development.js:21193:3)\n    at beginWork (/Volumes/HestAI-Projects/eav-monorepo/node_modules/.pnpm/react-dom@18.3.1_react@18.3.1/node_modules/react-dom/cjs/react-dom.development.js:21688:14)\n    at beginWork$1 (/Volumes/HestAI-Projects/eav-monorepo/node_modules/.pnpm/react-dom@18.3.1_react@18.3.1/node_modules/react-dom/cjs/react-dom.development.js:27465:14)\n    at performUnitOfWork (/Volumes/HestAI-Projects/eav-monorepo/node_modules/.pnpm/react-dom@18.3.1_react@18.3.1/node_modules/react-dom/cjs/react-dom.development.js:26599:12)\n    at workLoopSync (/Volumes/HestAI-Projects/eav-monorepo/node_modules/.pnpm/react-dom@18.3.1_react@18.3.1/node_modules/react-dom/cjs/react-dom.development.js:26505:5)"],"meta":{}}],"startTime":1762129996695,"endTime":1762129996720.8882,"status":"failed","message":"","name":"/Volumes/HestAI-Projects/eav-monorepo/packages/shared/src/scripts/hooks/useScriptMutations.test.tsx"},{"assertionResults":[{"ancestorTitles":["Test Infrastructure Smoke Test","1. Local Supabase Connection"],"fullName":"Test Infrastructure Smoke Test 1. Local Supabase Connection should connect to local Supabase","status":"passed","title":"should connect to local Supabase","duration":0.6892910000000256,"failureMessages":[],"meta":{}},{"ancestorTitles":["Test Infrastructure Smoke Test","1. Local Supabase Connection"],"fullName":"Test Infrastructure Smoke Test 1. Local Supabase Connection should use local URL (not production)","status":"passed","title":"should use local URL (not production)","duration":0.16058299999997416,"failureMessages":[],"meta":{}},{"ancestorTitles":["Test Infrastructure Smoke Test","2. Test Users Configuration"],"fullName":"Test Infrastructure Smoke Test 2. Test Users Configuration should have admin test user defined","status":"passed","title":"should have admin test user defined","duration":0.12312499999995907,"failureMessages":[],"meta":{}},{"ancestorTitles":["Test Infrastructure Smoke Test","2. Test Users Configuration"],"fullName":"Test Infrastructure Smoke Test 2. Test Users Configuration should have client test user defined","status":"passed","title":"should have client test user defined","duration":0.05337500000007367,"failureMessages":[],"meta":{}},{"ancestorTitles":["Test Infrastructure Smoke Test","2. Test Users Configuration"],"fullName":"Test Infrastructure Smoke Test 2. Test Users Configuration should have unauthorized test user defined","status":"passed","title":"should have unauthorized test user defined","duration":0.09308400000008987,"failureMessages":[],"meta":{}},{"ancestorTitles":["Test Infrastructure Smoke Test","3. Auth Operations"],"fullName":"Test Infrastructure Smoke Test 3. Auth Operations should sign in as admin","status":"passed","title":"should sign in as admin","duration":198.331958,"failureMessages":[],"meta":{}},{"ancestorTitles":["Test Infrastructure Smoke Test","3. Auth Operations"],"fullName":"Test Infrastructure Smoke Test 3. Auth Operations should sign in as client","status":"passed","title":"should sign in as client","duration":751.5078749999999,"failureMessages":[],"meta":{}},{"ancestorTitles":["Test Infrastructure Smoke Test","3. Auth Operations"],"fullName":"Test Infrastructure Smoke Test 3. Auth Operations should rate limit auth operations","status":"failed","title":"should rate limit auth operations","duration":751.8603750000002,"failureMessages":["AssertionError: expected 749 to be greater than or equal to 750\n    at /Volumes/HestAI-Projects/eav-monorepo/packages/shared/src/test/__tests__/infrastructure.test.ts:90:23\n    at file:///Volumes/HestAI-Projects/eav-monorepo/node_modules/.pnpm/@vitest+runner@3.2.4/node_modules/@vitest/runner/dist/chunk-hooks.js:752:20"],"meta":{}},{"ancestorTitles":["Test Infrastructure Smoke Test","4. User Profiles (RLS Critical)"],"fullName":"Test Infrastructure Smoke Test 4. User Profiles (RLS Critical) should have user_profile for admin","status":"passed","title":"should have user_profile for admin","duration":1497.74525,"failureMessages":[],"meta":{}},{"ancestorTitles":["Test Infrastructure Smoke Test","4. User Profiles (RLS Critical)"],"fullName":"Test Infrastructure Smoke Test 4. User Profiles (RLS Critical) should have user_profile for client","status":"passed","title":"should have user_profile for client","duration":1502.6043329999998,"failureMessages":[],"meta":{}},{"ancestorTitles":["Test Infrastructure Smoke Test","5. User Clients (RLS Client Filtering)"],"fullName":"Test Infrastructure Smoke Test 5. User Clients (RLS Client Filtering) should have CLIENT_ALPHA for client.test","status":"passed","title":"should have CLIENT_ALPHA for client.test","duration":1503.9758749999992,"failureMessages":[],"meta":{}},{"ancestorTitles":["Test Infrastructure Smoke Test","5. User Clients (RLS Client Filtering)"],"fullName":"Test Infrastructure Smoke Test 5. User Clients (RLS Client Filtering) should have CLIENT_UNAUTHORIZED for unauthorized.test","status":"passed","title":"should have CLIENT_UNAUTHORIZED for unauthorized.test","duration":1501.445208,"failureMessages":[],"meta":{}},{"ancestorTitles":["Test Infrastructure Smoke Test","6. Test Data Factories"],"fullName":"Test Infrastructure Smoke Test 6. Test Data Factories should create deterministic project data","status":"passed","title":"should create deterministic project data","duration":0.5477500000015425,"failureMessages":[],"meta":{}},{"ancestorTitles":["Test Infrastructure Smoke Test","6. Test Data Factories"],"fullName":"Test Infrastructure Smoke Test 6. Test Data Factories should reset factory IDs","status":"passed","title":"should reset factory IDs","duration":0.05120800000076997,"failureMessages":[],"meta":{}},{"ancestorTitles":["Test Infrastructure Smoke Test","6. Test Data Factories"],"fullName":"Test Infrastructure Smoke Test 6. Test Data Factories should create script data","status":"passed","title":"should create script data","duration":0.07137500000135333,"failureMessages":[],"meta":{}},{"ancestorTitles":["Test Infrastructure Smoke Test","7. Basic Query Execution"],"fullName":"Test Infrastructure Smoke Test 7. Basic Query Execution should query user_profiles table","status":"passed","title":"should query user_profiles table","duration":756.7926249999982,"failureMessages":[],"meta":{}}],"startTime":1762129996694,"endTime":1762130005160.7927,"status":"failed","message":"","name":"/Volumes/HestAI-Projects/eav-monorepo/packages/shared/src/test/__tests__/infrastructure.test.ts"}]}